<?xml version="1.0" encoding="UTF-8"?>
<!-- Generated by org.testng.reporters.JUnitReportReporter -->
<testsuite hostname="DESKTOP-OPTU6LD" failures="0" tests="1" name="com.qa.testscripts.TC_OranageHRM" time="10.421" errors="0" timestamp="2021-09-08T17:29:43 IST" skipped="0">
  <testcase classname="com.qa.testscripts.TC_OranageHRM" name="validate" time="10.421"/>
  <system-out/>
</testsuite> <!-- com.qa.testscripts.TC_OranageHRM -->
